00000000000000000000000000000000000000000001000000000000000010000000000000000000000000100001000
11111111111111011111111111111111111111111111111111111111111111111111111111111111010111111111111
00001100000000000000000100001000001000000100000000000000000000010000000010000000000000000100100
00000000000000000000000000001000000000000100000000000000000000010000000000000000000000000000000
00010000000000000000000000000000000000010000000000000000000000000000000000000000000000000000000
11111111101111111111111111111111111111111111111111111011111111111111111111111111111111111111111
00000000000000010010000001000100000000000001000000000000100010000001000100000000000000100001001
00111111110111111111111111111111111111111111110111111111111111111011111111111111111111111111111
11110011111111111111111011110111110111111011111111111101111111101111111101111111111111111011011
00000000000000000000000000000000000000000000000000000000000010000000000000000000000000100000000
00000000000000100000000000000000000000001000000000000000000000000000000000000000101000000000000
11111101101111101100011110111011111111111100111111110010010001111110111011001111111101001110110
01111111110111111111111111111111111111111111110111111111111111111011111111111111111111111111111
11111111111111111111111111111111111111111111101111111111111111111111101111111111111111111111111
10000000000000000000000000000000000000000000000000000000000000000100000000000000000000000000000
11111111111111111111111111111111111111111111111111111111111111111111011111111111111111111101111
11111111111111111111111111111111101111111111111111111111111111111111110111111111111111111111111
11111111111111111111111111110111111111111011111111111111111111101111111101111111111111111111111
11111111111110111111111111111111111011111111111111111111111111111101111111111011111110111111111
00100001000000001000000000000000000000000000000000000000000000000000000000000000000000000000000
00000010000000000001000000000000000000000000000000001001001000000000000000000000000010000000000
11111111111111111111111111110111111111111011111111111111111111111111111111111111111111111111111
11010010011001110111110001000111000110111011011001001101111110000111010100110101101111111001001
11111111111111111111111111011111111111111111111111111111111111111111111110111111111111111111111
11111111111111111111111111111111011111111111111111011111111111111111111111111111101111111111111
11111111111111111111111111111111111111111110111111111111111111111111111111111111111111111110111
00001000000000000000000000001000000000000100000000000000000000010000000010000000000000000100100
11101111111111011011111111111111111111100111111110111111101111111111111111111110010111111111111
00000010000000000000000000000000000000000000000000000001001000000000000000000000000010000000000
00000000010000000000000000000000000000000000000000000100000000000000000000110000000000000000000
00100000000000001000000000000000000000000000000000000000000000000000000000000000000000000000000
11111101101111101100011110111011111111111110111111110010010101111110111011001111111101001110110
00000010010000010011100001000100000010000011000000001101101110000001000100110000000010110001001
11111111101111111111111111111111111111111111111111111011111111111111111111001111111111101111111
00101101100110001000001110111000011001000100100110010010000001010000001011001000000000000100100
11111011111111111111111111111111110111111111111111111111111111111111111111111111111111111111111
00000000010000010010000001000100000000000001000000000100100010000001000100110000000000110001001
00000000000000100000000000000000000000000000000000000000000000000000000000000000100000000000000
11010010111001110111110011000111110111111011111011101101111110101111111100110111111111111011011
00000010000000000000000000000000000000000000000000001001001000000000000000000000000010000000000
00000000000001000000000000000000000100000000000000000000000000000000000000000100000000000000000
00000000000000010000000000000000000000000000000000000000000000000001000100000000000000000000000
00000010010000010011100001000100000000000011000000001101101010000001000100110000000010110001001
00000000000001000000000000000000000100000000000000000000000000000000000000000000000000000000000
11101111111111111111111111111111111111101111111111111111111111111111111111111110111111111111111
11111101101111101100001110111010111101011100111111110010010001111110111011001111111101001110110
00000000000000100000000000000000000000001000000001000000000000000000000000000000101000000000000
11111111111110111111111111111111111011111111111111111111111111111101111111111011111111111111111
00000000000000000000000000000000000000000000000000000000000000001000100000000010000000000010000
11111111111111101111111111111111111111111111111111111111111111111111111011111111111111111111111
00000000000100000000000000100000000000000000000100000000000000000000000001001000000000000000000
11111101101111101100001110111010111101011100101111110010010001111110101011001111111101001110110
00000000000000000000000000000000000000000000000000000000000000000000000000110000000000000000000
00111101100110101100001110111000111001011100100111110010010001111000101011001011111000000110110
00000010010000010011110001000111000010100011010000001101101110000001010100110000000110110001001
11110011111001111111110011000111110111111011111011111101111110101111111100110111111111111011011
11101111111111011111111111111111111111100111111110111111101111111111111111111110010111111111111
00000000000000000000000000001000000000000100000000000000000000010000000010000000000000000100000
00101101100110001000001100111000001000000100100100010010000001010000000011001000000000000100100
11111111011111111111111111111111111111111111011111111111111111111111111111111111111111111111111
11000010011000010011110001000111000010100011011000001101101110000101010100110000000110110001001
00010000000000000000000000000000000000010000000000000000010000000000000000000001000000000000000
00000010000000000001100000000000000000000000000000001001001000000000000000000000000010000000000
00000010010000010011110001000100000010100011000000001101101110000001000100110000000010110001001
11111111111111111111111111011111111111111111111011111111111111111111111110110111111111111111111
00000000000010000000001000010000000000000000000000000000000001000000000000000000000000000000000
11111111111111111111111111111011111111111111111111111111111111111111111111111111111111111111110
00000010000000000000000000000000000000000000000000000001001000000000000000000000000000000000000
11010010011001110111110011000111100110111011011011101101111110101111110100110111111111111011011
00101101100110001000001100111000001001000100100100010010000001010000000011001000000000000100100
00000000000000000000000000000000100000000000000000100000000000000000000000000000000000000000000
00101101100110001000001100111000011001000100100110010010000001010000001011001000000000000100100
11111111111111101101111111111111111111111110111111111111011101111110111011111111111111011110111
00000000000000000000010000000000000000100000000000000000000000000000000000000000000000000000000
11110011111011111111111011010111110111111011111011111101111111101111111100110111111111111011011
11111101111111111111111111111111111111111111111111111111110111111111111111111111111111111111111
00000000000010000000001000000000000000000000000000000000000000000000000000000000000000000000000
00000000000000010010000000000000000000000000000000000000000000000001000100000000000000000000000
11110011111001111111110011000111110111111011111011101101111110101111111100110111111111111011011
11111111111110111111111111111111111011111111111111111111111111111101111111111011111110110111111
11111111111111101101111110111111111111111110111111111111011101111110111011111111111111011110111
00101101100110001000001110111000011001000100100110010010000001011000101011001010000000000110100
11111111111101111111110111101111111111111111111111111111111111111111111111111111111111111111111
11010010011001110111110001000111100110111011011001101101111110000111010100110101111111111001011
00000000000000010010000000000000000000000001000000000000000010000001000100000000000000100001000
11111111111111111111111111111101111111111111111111111111111111111111111111111111111011111111111
11110111111111111111111011110111111111111011111111111111111111101111111101111111111111111011011
01111111111111111111111111111111111111111111110111111111111111111011111111111111111111111111111
11111111111111111111111111111111011111111111111111011111111111111111111111111111101111111111101
11110111111111111111111111111111111111111111111111111111111111111111111111111111111111111111011
00000000000000000000000000000000000000000000000100000000000000000000000000001000000000000000000
00000000000000000000000000000000000000000000000000000000000000001000000000000010000000000000000
